<?xml version='1.0' encoding='UTF-8' ?>
<testsuite errors="0" failures="0" hostname="mac-users-macbook.local" name="ShoppingListTest" tests="0" time="0.0" timestamp="Wed Aug 01 14:50:54 -0400 2012"></testsuite>
